{"C:\\_Proj\\_projGerdau\\back\\src\\config\\app.js": {"path":"C:\\_Proj\\_projGerdau\\back\\src\\config\\app.js","statementMap":{"0":{"start":{"line":1,"column":16},"end":{"line":1,"column":34}},"1":{"start":{"line":2,"column":17},"end":{"line":2,"column":36}},"2":{"start":{"line":3,"column":15},"end":{"line":3,"column":32}},"3":{"start":{"line":4,"column":13},"end":{"line":4,"column":28}},"4":{"start":{"line":6,"column":22},"end":{"line":6,"column":56}},"5":{"start":{"line":7,"column":25},"end":{"line":7,"column":62}},"6":{"start":{"line":9,"column":0},"end":{"line":9,"column":16}},"7":{"start":{"line":10,"column":12},"end":{"line":10,"column":21}},"8":{"start":{"line":13,"column":0},"end":{"line":17,"column":4}},"9":{"start":{"line":19,"column":0},"end":{"line":19,"column":24}},"10":{"start":{"line":22,"column":0},"end":{"line":24,"column":73}},"11":{"start":{"line":23,"column":14},"end":{"line":23,"column":61}},"12":{"start":{"line":24,"column":16},"end":{"line":24,"column":71}},"13":{"start":{"line":27,"column":0},"end":{"line":27,"column":40}},"14":{"start":{"line":28,"column":0},"end":{"line":28,"column":47}},"15":{"start":{"line":30,"column":13},"end":{"line":30,"column":37}},"16":{"start":{"line":31,"column":0},"end":{"line":33,"column":3}},"17":{"start":{"line":32,"column":2},"end":{"line":32,"column":54}},"18":{"start":{"line":35,"column":0},"end":{"line":35,"column":21}}},"fnMap":{"0":{"name":"(anonymous_0)","decl":{"start":{"line":23,"column":8},"end":{"line":23,"column":9}},"loc":{"start":{"line":23,"column":14},"end":{"line":23,"column":61}},"line":23},"1":{"name":"(anonymous_1)","decl":{"start":{"line":24,"column":9},"end":{"line":24,"column":10}},"loc":{"start":{"line":24,"column":16},"end":{"line":24,"column":71}},"line":24},"2":{"name":"(anonymous_2)","decl":{"start":{"line":31,"column":17},"end":{"line":31,"column":18}},"loc":{"start":{"line":31,"column":23},"end":{"line":33,"column":1}},"line":31}},"branchMap":{"0":{"loc":{"start":{"line":30,"column":13},"end":{"line":30,"column":37}},"type":"binary-expr","locations":[{"start":{"line":30,"column":13},"end":{"line":30,"column":29}},{"start":{"line":30,"column":33},"end":{"line":30,"column":37}}],"line":30}},"s":{"0":2,"1":2,"2":2,"3":2,"4":2,"5":2,"6":2,"7":2,"8":2,"9":2,"10":2,"11":2,"12":0,"13":2,"14":2,"15":2,"16":2,"17":2,"18":2},"f":{"0":2,"1":0,"2":2},"b":{"0":[2,0]},"_coverageSchema":"1a1c01bbd47fc00a2c39e90264f33305004495a9","hash":"130fb0d6109ccee7115056ab4af3fe6b2b88083e"}
,"C:\\_Proj\\_projGerdau\\back\\src\\config\\controllers\\empresa.controller.js": {"path":"C:\\_Proj\\_projGerdau\\back\\src\\config\\controllers\\empresa.controller.js","statementMap":{"0":{"start":{"line":1,"column":16},"end":{"line":1,"column":50}},"1":{"start":{"line":2,"column":19},"end":{"line":2,"column":56}},"2":{"start":{"line":3,"column":22},"end":{"line":3,"column":56}},"3":{"start":{"line":7,"column":21},"end":{"line":24,"column":1}},"4":{"start":{"line":8,"column":2},"end":{"line":23,"column":3}},"5":{"start":{"line":9,"column":29},"end":{"line":9,"column":75}},"6":{"start":{"line":10,"column":4},"end":{"line":12,"column":5}},"7":{"start":{"line":11,"column":6},"end":{"line":11,"column":83}},"8":{"start":{"line":14,"column":22},"end":{"line":14,"column":51}},"9":{"start":{"line":15,"column":4},"end":{"line":17,"column":5}},"10":{"start":{"line":16,"column":6},"end":{"line":16,"column":61}},"11":{"start":{"line":19,"column":20},"end":{"line":19,"column":50}},"12":{"start":{"line":20,"column":4},"end":{"line":20,"column":34}},"13":{"start":{"line":22,"column":4},"end":{"line":22,"column":50}},"14":{"start":{"line":28,"column":23},"end":{"line":35,"column":1}},"15":{"start":{"line":29,"column":2},"end":{"line":34,"column":3}},"16":{"start":{"line":30,"column":21},"end":{"line":30,"column":66}},"17":{"start":{"line":31,"column":4},"end":{"line":31,"column":35}},"18":{"start":{"line":33,"column":4},"end":{"line":33,"column":50}},"19":{"start":{"line":39,"column":31},"end":{"line":60,"column":1}},"20":{"start":{"line":40,"column":2},"end":{"line":59,"column":3}},"21":{"start":{"line":41,"column":37},"end":{"line":41,"column":46}},"22":{"start":{"line":43,"column":21},"end":{"line":47,"column":31}},"23":{"start":{"line":49,"column":18},"end":{"line":49,"column":48}},"24":{"start":{"line":51,"column":4},"end":{"line":56,"column":7}},"25":{"start":{"line":58,"column":4},"end":{"line":58,"column":50}},"26":{"start":{"line":64,"column":27},"end":{"line":74,"column":1}},"27":{"start":{"line":65,"column":2},"end":{"line":73,"column":3}},"28":{"start":{"line":66,"column":20},"end":{"line":66,"column":82}},"29":{"start":{"line":67,"column":4},"end":{"line":69,"column":5}},"30":{"start":{"line":68,"column":6},"end":{"line":68,"column":70}},"31":{"start":{"line":70,"column":4},"end":{"line":70,"column":34}},"32":{"start":{"line":72,"column":4},"end":{"line":72,"column":50}},"33":{"start":{"line":78,"column":25},"end":{"line":88,"column":1}},"34":{"start":{"line":79,"column":2},"end":{"line":87,"column":3}},"35":{"start":{"line":80,"column":20},"end":{"line":80,"column":91}},"36":{"start":{"line":81,"column":4},"end":{"line":83,"column":5}},"37":{"start":{"line":82,"column":6},"end":{"line":82,"column":70}},"38":{"start":{"line":84,"column":4},"end":{"line":84,"column":34}},"39":{"start":{"line":86,"column":4},"end":{"line":86,"column":50}},"40":{"start":{"line":92,"column":23},"end":{"line":102,"column":1}},"41":{"start":{"line":93,"column":2},"end":{"line":101,"column":3}},"42":{"start":{"line":94,"column":20},"end":{"line":94,"column":66}},"43":{"start":{"line":95,"column":4},"end":{"line":97,"column":5}},"44":{"start":{"line":96,"column":6},"end":{"line":96,"column":70}},"45":{"start":{"line":98,"column":4},"end":{"line":98,"column":27}},"46":{"start":{"line":100,"column":4},"end":{"line":100,"column":50}},"47":{"start":{"line":106,"column":27},"end":{"line":131,"column":1}},"48":{"start":{"line":107,"column":45},"end":{"line":107,"column":53}},"49":{"start":{"line":109,"column":2},"end":{"line":130,"column":3}},"50":{"start":{"line":110,"column":20},"end":{"line":110,"column":64}},"51":{"start":{"line":111,"column":23},"end":{"line":111,"column":79}},"52":{"start":{"line":113,"column":4},"end":{"line":115,"column":5}},"53":{"start":{"line":114,"column":6},"end":{"line":114,"column":85}},"54":{"start":{"line":117,"column":4},"end":{"line":120,"column":5}},"55":{"start":{"line":118,"column":6},"end":{"line":118,"column":48}},"56":{"start":{"line":119,"column":6},"end":{"line":119,"column":27}},"57":{"start":{"line":122,"column":4},"end":{"line":125,"column":5}},"58":{"start":{"line":123,"column":6},"end":{"line":123,"column":44}},"59":{"start":{"line":124,"column":6},"end":{"line":124,"column":30}},"60":{"start":{"line":127,"column":4},"end":{"line":127,"column":89}},"61":{"start":{"line":129,"column":4},"end":{"line":129,"column":50}},"62":{"start":{"line":135,"column":0},"end":{"line":143,"column":2}}},"fnMap":{"0":{"name":"(anonymous_0)","decl":{"start":{"line":7,"column":21},"end":{"line":7,"column":22}},"loc":{"start":{"line":7,"column":41},"end":{"line":24,"column":1}},"line":7},"1":{"name":"(anonymous_1)","decl":{"start":{"line":28,"column":23},"end":{"line":28,"column":24}},"loc":{"start":{"line":28,"column":43},"end":{"line":35,"column":1}},"line":28},"2":{"name":"(anonymous_2)","decl":{"start":{"line":39,"column":31},"end":{"line":39,"column":32}},"loc":{"start":{"line":39,"column":51},"end":{"line":60,"column":1}},"line":39},"3":{"name":"(anonymous_3)","decl":{"start":{"line":64,"column":27},"end":{"line":64,"column":28}},"loc":{"start":{"line":64,"column":47},"end":{"line":74,"column":1}},"line":64},"4":{"name":"(anonymous_4)","decl":{"start":{"line":78,"column":25},"end":{"line":78,"column":26}},"loc":{"start":{"line":78,"column":45},"end":{"line":88,"column":1}},"line":78},"5":{"name":"(anonymous_5)","decl":{"start":{"line":92,"column":23},"end":{"line":92,"column":24}},"loc":{"start":{"line":92,"column":43},"end":{"line":102,"column":1}},"line":92},"6":{"name":"(anonymous_6)","decl":{"start":{"line":106,"column":27},"end":{"line":106,"column":28}},"loc":{"start":{"line":106,"column":47},"end":{"line":131,"column":1}},"line":106}},"branchMap":{"0":{"loc":{"start":{"line":10,"column":4},"end":{"line":12,"column":5}},"type":"if","locations":[{"start":{"line":10,"column":4},"end":{"line":12,"column":5}},{"start":{},"end":{}}],"line":10},"1":{"loc":{"start":{"line":15,"column":4},"end":{"line":17,"column":5}},"type":"if","locations":[{"start":{"line":15,"column":4},"end":{"line":17,"column":5}},{"start":{},"end":{}}],"line":15},"2":{"loc":{"start":{"line":41,"column":12},"end":{"line":41,"column":20}},"type":"default-arg","locations":[{"start":{"line":41,"column":19},"end":{"line":41,"column":20}}],"line":41},"3":{"loc":{"start":{"line":41,"column":22},"end":{"line":41,"column":32}},"type":"default-arg","locations":[{"start":{"line":41,"column":30},"end":{"line":41,"column":32}}],"line":41},"4":{"loc":{"start":{"line":67,"column":4},"end":{"line":69,"column":5}},"type":"if","locations":[{"start":{"line":67,"column":4},"end":{"line":69,"column":5}},{"start":{},"end":{}}],"line":67},"5":{"loc":{"start":{"line":81,"column":4},"end":{"line":83,"column":5}},"type":"if","locations":[{"start":{"line":81,"column":4},"end":{"line":83,"column":5}},{"start":{},"end":{}}],"line":81},"6":{"loc":{"start":{"line":95,"column":4},"end":{"line":97,"column":5}},"type":"if","locations":[{"start":{"line":95,"column":4},"end":{"line":97,"column":5}},{"start":{},"end":{}}],"line":95},"7":{"loc":{"start":{"line":113,"column":4},"end":{"line":115,"column":5}},"type":"if","locations":[{"start":{"line":113,"column":4},"end":{"line":115,"column":5}},{"start":{},"end":{}}],"line":113},"8":{"loc":{"start":{"line":113,"column":8},"end":{"line":113,"column":31}},"type":"binary-expr","locations":[{"start":{"line":113,"column":8},"end":{"line":113,"column":16}},{"start":{"line":113,"column":20},"end":{"line":113,"column":31}}],"line":113},"9":{"loc":{"start":{"line":117,"column":4},"end":{"line":120,"column":5}},"type":"if","locations":[{"start":{"line":117,"column":4},"end":{"line":120,"column":5}},{"start":{},"end":{}}],"line":117},"10":{"loc":{"start":{"line":122,"column":4},"end":{"line":125,"column":5}},"type":"if","locations":[{"start":{"line":122,"column":4},"end":{"line":125,"column":5}},{"start":{},"end":{}}],"line":122}},"s":{"0":2,"1":2,"2":2,"3":2,"4":5,"5":5,"6":5,"7":2,"8":3,"9":3,"10":1,"11":2,"12":2,"13":0,"14":2,"15":0,"16":0,"17":0,"18":0,"19":2,"20":0,"21":0,"22":0,"23":0,"24":0,"25":0,"26":2,"27":0,"28":0,"29":0,"30":0,"31":0,"32":0,"33":2,"34":0,"35":0,"36":0,"37":0,"38":0,"39":0,"40":2,"41":0,"42":0,"43":0,"44":0,"45":0,"46":0,"47":2,"48":0,"49":0,"50":0,"51":0,"52":0,"53":0,"54":0,"55":0,"56":0,"57":0,"58":0,"59":0,"60":0,"61":0,"62":2},"f":{"0":5,"1":0,"2":0,"3":0,"4":0,"5":0,"6":0},"b":{"0":[2,3],"1":[1,2],"2":[0],"3":[0],"4":[0,0],"5":[0,0],"6":[0,0],"7":[0,0],"8":[0,0],"9":[0,0],"10":[0,0]},"_coverageSchema":"1a1c01bbd47fc00a2c39e90264f33305004495a9","hash":"2cf4bfd3143c824edbfa4a3ba2f956ecc2ee499b"}
,"C:\\_Proj\\_projGerdau\\back\\src\\config\\controllers\\fornecedor.controller.js": {"path":"C:\\_Proj\\_projGerdau\\back\\src\\config\\controllers\\fornecedor.controller.js","statementMap":{"0":{"start":{"line":1,"column":19},"end":{"line":1,"column":56}},"1":{"start":{"line":2,"column":22},"end":{"line":2,"column":56}},"2":{"start":{"line":5,"column":24},"end":{"line":79,"column":1}},"3":{"start":{"line":6,"column":2},"end":{"line":78,"column":3}},"4":{"start":{"line":7,"column":18},"end":{"line":7,"column":53}},"5":{"start":{"line":8,"column":4},"end":{"line":16,"column":5}},"6":{"start":{"line":9,"column":6},"end":{"line":9,"column":37}},"7":{"start":{"line":10,"column":11},"end":{"line":16,"column":5}},"8":{"start":{"line":11,"column":6},"end":{"line":11,"column":39}},"9":{"start":{"line":13,"column":6},"end":{"line":15,"column":79}},"10":{"start":{"line":18,"column":20},"end":{"line":18,"column":49}},"11":{"start":{"line":19,"column":4},"end":{"line":21,"column":5}},"12":{"start":{"line":20,"column":6},"end":{"line":20,"column":61}},"13":{"start":{"line":24,"column":4},"end":{"line":64,"column":5}},"14":{"start":{"line":25,"column":25},"end":{"line":25,"column":58}},"15":{"start":{"line":26,"column":19},"end":{"line":26,"column":29}},"16":{"start":{"line":27,"column":20},"end":{"line":27,"column":65}},"17":{"start":{"line":31,"column":8},"end":{"line":33,"column":81}},"18":{"start":{"line":36,"column":6},"end":{"line":63,"column":7}},"19":{"start":{"line":37,"column":24},"end":{"line":37,"column":58}},"20":{"start":{"line":40,"column":23},"end":{"line":40,"column":40}},"21":{"start":{"line":41,"column":8},"end":{"line":43,"column":9}},"22":{"start":{"line":42,"column":10},"end":{"line":42,"column":32}},"23":{"start":{"line":45,"column":8},"end":{"line":62,"column":9}},"24":{"start":{"line":46,"column":26},"end":{"line":46,"column":59}},"25":{"start":{"line":47,"column":10},"end":{"line":61,"column":11}},"26":{"start":{"line":48,"column":31},"end":{"line":48,"column":59}},"27":{"start":{"line":49,"column":12},"end":{"line":49,"column":80}},"28":{"start":{"line":50,"column":12},"end":{"line":50,"column":96}},"29":{"start":{"line":52,"column":12},"end":{"line":54,"column":13}},"30":{"start":{"line":53,"column":14},"end":{"line":53,"column":73}},"31":{"start":{"line":56,"column":12},"end":{"line":60,"column":13}},"32":{"start":{"line":57,"column":14},"end":{"line":59,"column":17}},"33":{"start":{"line":67,"column":4},"end":{"line":67,"column":74}},"34":{"start":{"line":68,"column":23},"end":{"line":68,"column":56}},"35":{"start":{"line":69,"column":4},"end":{"line":69,"column":37}},"36":{"start":{"line":71,"column":4},"end":{"line":75,"column":5}},"37":{"start":{"line":72,"column":6},"end":{"line":74,"column":69}},"38":{"start":{"line":77,"column":4},"end":{"line":77,"column":50}},"39":{"start":{"line":82,"column":27},"end":{"line":89,"column":1}},"40":{"start":{"line":83,"column":2},"end":{"line":88,"column":3}},"41":{"start":{"line":84,"column":25},"end":{"line":84,"column":69}},"42":{"start":{"line":85,"column":4},"end":{"line":85,"column":39}},"43":{"start":{"line":87,"column":4},"end":{"line":87,"column":50}},"44":{"start":{"line":92,"column":30},"end":{"line":101,"column":1}},"45":{"start":{"line":93,"column":2},"end":{"line":100,"column":3}},"46":{"start":{"line":94,"column":23},"end":{"line":94,"column":84}},"47":{"start":{"line":95,"column":4},"end":{"line":96,"column":73}},"48":{"start":{"line":96,"column":6},"end":{"line":96,"column":73}},"49":{"start":{"line":97,"column":4},"end":{"line":97,"column":37}},"50":{"start":{"line":99,"column":4},"end":{"line":99,"column":50}},"51":{"start":{"line":104,"column":28},"end":{"line":117,"column":1}},"52":{"start":{"line":105,"column":2},"end":{"line":116,"column":3}},"53":{"start":{"line":106,"column":23},"end":{"line":110,"column":5}},"54":{"start":{"line":111,"column":4},"end":{"line":112,"column":73}},"55":{"start":{"line":112,"column":6},"end":{"line":112,"column":73}},"56":{"start":{"line":113,"column":4},"end":{"line":113,"column":37}},"57":{"start":{"line":115,"column":4},"end":{"line":115,"column":50}},"58":{"start":{"line":120,"column":26},"end":{"line":129,"column":1}},"59":{"start":{"line":121,"column":2},"end":{"line":128,"column":3}},"60":{"start":{"line":122,"column":23},"end":{"line":122,"column":72}},"61":{"start":{"line":123,"column":4},"end":{"line":124,"column":73}},"62":{"start":{"line":124,"column":6},"end":{"line":124,"column":73}},"63":{"start":{"line":125,"column":4},"end":{"line":125,"column":27}},"64":{"start":{"line":127,"column":4},"end":{"line":127,"column":50}},"65":{"start":{"line":131,"column":0},"end":{"line":137,"column":2}}},"fnMap":{"0":{"name":"(anonymous_0)","decl":{"start":{"line":5,"column":24},"end":{"line":5,"column":25}},"loc":{"start":{"line":5,"column":44},"end":{"line":79,"column":1}},"line":5},"1":{"name":"(anonymous_1)","decl":{"start":{"line":82,"column":27},"end":{"line":82,"column":28}},"loc":{"start":{"line":82,"column":47},"end":{"line":89,"column":1}},"line":82},"2":{"name":"(anonymous_2)","decl":{"start":{"line":92,"column":30},"end":{"line":92,"column":31}},"loc":{"start":{"line":92,"column":50},"end":{"line":101,"column":1}},"line":92},"3":{"name":"(anonymous_3)","decl":{"start":{"line":104,"column":28},"end":{"line":104,"column":29}},"loc":{"start":{"line":104,"column":48},"end":{"line":117,"column":1}},"line":104},"4":{"name":"(anonymous_4)","decl":{"start":{"line":120,"column":26},"end":{"line":120,"column":27}},"loc":{"start":{"line":120,"column":46},"end":{"line":129,"column":1}},"line":120}},"branchMap":{"0":{"loc":{"start":{"line":8,"column":4},"end":{"line":16,"column":5}},"type":"if","locations":[{"start":{"line":8,"column":4},"end":{"line":16,"column":5}},{"start":{"line":10,"column":11},"end":{"line":16,"column":5}}],"line":8},"1":{"loc":{"start":{"line":10,"column":11},"end":{"line":16,"column":5}},"type":"if","locations":[{"start":{"line":10,"column":11},"end":{"line":16,"column":5}},{"start":{"line":12,"column":11},"end":{"line":16,"column":5}}],"line":10},"2":{"loc":{"start":{"line":19,"column":4},"end":{"line":21,"column":5}},"type":"if","locations":[{"start":{"line":19,"column":4},"end":{"line":21,"column":5}},{"start":{},"end":{}}],"line":19},"3":{"loc":{"start":{"line":24,"column":4},"end":{"line":64,"column":5}},"type":"if","locations":[{"start":{"line":24,"column":4},"end":{"line":64,"column":5}},{"start":{},"end":{}}],"line":24},"4":{"loc":{"start":{"line":31,"column":8},"end":{"line":33,"column":81}},"type":"binary-expr","locations":[{"start":{"line":31,"column":8},"end":{"line":31,"column":18}},{"start":{"line":32,"column":9},"end":{"line":32,"column":21}},{"start":{"line":33,"column":10},"end":{"line":33,"column":80}}],"line":31},"5":{"loc":{"start":{"line":36,"column":6},"end":{"line":63,"column":7}},"type":"if","locations":[{"start":{"line":36,"column":6},"end":{"line":63,"column":7}},{"start":{},"end":{}}],"line":36},"6":{"loc":{"start":{"line":36,"column":10},"end":{"line":36,"column":55}},"type":"binary-expr","locations":[{"start":{"line":36,"column":10},"end":{"line":36,"column":22}},{"start":{"line":36,"column":26},"end":{"line":36,"column":55}}],"line":36},"7":{"loc":{"start":{"line":41,"column":8},"end":{"line":43,"column":9}},"type":"if","locations":[{"start":{"line":41,"column":8},"end":{"line":43,"column":9}},{"start":{},"end":{}}],"line":41},"8":{"loc":{"start":{"line":47,"column":10},"end":{"line":61,"column":11}},"type":"if","locations":[{"start":{"line":47,"column":10},"end":{"line":61,"column":11}},{"start":{},"end":{}}],"line":47},"9":{"loc":{"start":{"line":52,"column":12},"end":{"line":54,"column":13}},"type":"if","locations":[{"start":{"line":52,"column":12},"end":{"line":54,"column":13}},{"start":{},"end":{}}],"line":52},"10":{"loc":{"start":{"line":56,"column":12},"end":{"line":60,"column":13}},"type":"if","locations":[{"start":{"line":56,"column":12},"end":{"line":60,"column":13}},{"start":{},"end":{}}],"line":56},"11":{"loc":{"start":{"line":71,"column":4},"end":{"line":75,"column":5}},"type":"if","locations":[{"start":{"line":71,"column":4},"end":{"line":75,"column":5}},{"start":{},"end":{}}],"line":71},"12":{"loc":{"start":{"line":95,"column":4},"end":{"line":96,"column":73}},"type":"if","locations":[{"start":{"line":95,"column":4},"end":{"line":96,"column":73}},{"start":{},"end":{}}],"line":95},"13":{"loc":{"start":{"line":111,"column":4},"end":{"line":112,"column":73}},"type":"if","locations":[{"start":{"line":111,"column":4},"end":{"line":112,"column":73}},{"start":{},"end":{}}],"line":111},"14":{"loc":{"start":{"line":123,"column":4},"end":{"line":124,"column":73}},"type":"if","locations":[{"start":{"line":123,"column":4},"end":{"line":124,"column":73}},{"start":{},"end":{}}],"line":123}},"s":{"0":2,"1":2,"2":2,"3":6,"4":6,"5":6,"6":5,"7":1,"8":1,"9":0,"10":6,"11":6,"12":1,"13":5,"14":4,"15":4,"16":4,"17":4,"18":4,"19":1,"20":1,"21":1,"22":0,"23":1,"24":1,"25":1,"26":1,"27":1,"28":1,"29":1,"30":0,"31":1,"32":1,"33":4,"34":4,"35":1,"36":3,"37":3,"38":0,"39":2,"40":0,"41":0,"42":0,"43":0,"44":2,"45":0,"46":0,"47":0,"48":0,"49":0,"50":0,"51":2,"52":0,"53":0,"54":0,"55":0,"56":0,"57":0,"58":2,"59":0,"60":0,"61":0,"62":0,"63":0,"64":0,"65":2},"f":{"0":6,"1":0,"2":0,"3":0,"4":0},"b":{"0":[5,1],"1":[1,0],"2":[1,5],"3":[4,1],"4":[4,3,0],"5":[1,3],"6":[4,1],"7":[0,1],"8":[1,0],"9":[0,1],"10":[1,0],"11":[3,0],"12":[0,0],"13":[0,0],"14":[0,0]},"_coverageSchema":"1a1c01bbd47fc00a2c39e90264f33305004495a9","hash":"92d51b20a48133c1a516f43c75b596574e207842"}
,"C:\\_Proj\\_projGerdau\\back\\src\\config\\models\\empresa.model.js": {"path":"C:\\_Proj\\_projGerdau\\back\\src\\config\\models\\empresa.model.js","statementMap":{"0":{"start":{"line":1,"column":17},"end":{"line":1,"column":36}},"1":{"start":{"line":3,"column":22},"end":{"line":24,"column":24}},"2":{"start":{"line":26,"column":0},"end":{"line":26,"column":58}}},"fnMap":{},"branchMap":{},"s":{"0":2,"1":2,"2":2},"f":{},"b":{},"_coverageSchema":"1a1c01bbd47fc00a2c39e90264f33305004495a9","hash":"f5aabbe0d51c841db3a38a364e596bbced186307"}
,"C:\\_Proj\\_projGerdau\\back\\src\\config\\models\\fornecedor.model.js": {"path":"C:\\_Proj\\_projGerdau\\back\\src\\config\\models\\fornecedor.model.js","statementMap":{"0":{"start":{"line":1,"column":17},"end":{"line":1,"column":36}},"1":{"start":{"line":3,"column":25},"end":{"line":45,"column":24}},"2":{"start":{"line":30,"column":6},"end":{"line":30,"column":42}},"3":{"start":{"line":36,"column":6},"end":{"line":36,"column":42}},"4":{"start":{"line":47,"column":0},"end":{"line":47,"column":64}}},"fnMap":{"0":{"name":"(anonymous_0)","decl":{"start":{"line":29,"column":14},"end":{"line":29,"column":15}},"loc":{"start":{"line":29,"column":25},"end":{"line":31,"column":5}},"line":29},"1":{"name":"(anonymous_1)","decl":{"start":{"line":35,"column":14},"end":{"line":35,"column":15}},"loc":{"start":{"line":35,"column":25},"end":{"line":37,"column":5}},"line":35}},"branchMap":{},"s":{"0":2,"1":2,"2":4,"3":4,"4":2},"f":{"0":4,"1":4},"b":{},"_coverageSchema":"1a1c01bbd47fc00a2c39e90264f33305004495a9","hash":"1676892a703ab0079e5beffaeb4023ac359f84e9"}
,"C:\\_Proj\\_projGerdau\\back\\src\\config\\routes\\empresa.routes.js": {"path":"C:\\_Proj\\_projGerdau\\back\\src\\config\\routes\\empresa.routes.js","statementMap":{"0":{"start":{"line":1,"column":16},"end":{"line":1,"column":34}},"1":{"start":{"line":2,"column":15},"end":{"line":2,"column":31}},"2":{"start":{"line":3,"column":26},"end":{"line":3,"column":70}},"3":{"start":{"line":6,"column":0},"end":{"line":6,"column":66}},"4":{"start":{"line":9,"column":0},"end":{"line":9,"column":49}},"5":{"start":{"line":10,"column":0},"end":{"line":10,"column":50}},"6":{"start":{"line":11,"column":0},"end":{"line":11,"column":57}},"7":{"start":{"line":12,"column":0},"end":{"line":12,"column":55}},"8":{"start":{"line":13,"column":0},"end":{"line":13,"column":56}},"9":{"start":{"line":14,"column":0},"end":{"line":14,"column":63}},"10":{"start":{"line":16,"column":0},"end":{"line":16,"column":24}}},"fnMap":{},"branchMap":{},"s":{"0":2,"1":2,"2":2,"3":2,"4":2,"5":2,"6":2,"7":2,"8":2,"9":2,"10":2},"f":{},"b":{},"_coverageSchema":"1a1c01bbd47fc00a2c39e90264f33305004495a9","hash":"785a59968d4363d149db57f6af135a7d7bcd68ba"}
,"C:\\_Proj\\_projGerdau\\back\\src\\config\\routes\\fornecedor.routes.js": {"path":"C:\\_Proj\\_projGerdau\\back\\src\\config\\routes\\fornecedor.routes.js","statementMap":{"0":{"start":{"line":1,"column":16},"end":{"line":1,"column":34}},"1":{"start":{"line":2,"column":15},"end":{"line":2,"column":31}},"2":{"start":{"line":3,"column":29},"end":{"line":3,"column":76}},"3":{"start":{"line":5,"column":0},"end":{"line":5,"column":55}},"4":{"start":{"line":6,"column":0},"end":{"line":6,"column":57}},"5":{"start":{"line":7,"column":0},"end":{"line":7,"column":63}},"6":{"start":{"line":8,"column":0},"end":{"line":8,"column":61}},"7":{"start":{"line":9,"column":0},"end":{"line":9,"column":62}},"8":{"start":{"line":11,"column":0},"end":{"line":11,"column":24}}},"fnMap":{},"branchMap":{},"s":{"0":2,"1":2,"2":2,"3":2,"4":2,"5":2,"6":2,"7":2,"8":2},"f":{},"b":{},"_coverageSchema":"1a1c01bbd47fc00a2c39e90264f33305004495a9","hash":"9e6fc36f1ea1c8c2cbc73367b113f41753bcaacd"}
,"C:\\_Proj\\_projGerdau\\back\\src\\config\\services\\cep.service.js": {"path":"C:\\_Proj\\_projGerdau\\back\\src\\config\\services\\cep.service.js","statementMap":{"0":{"start":{"line":1,"column":14},"end":{"line":1,"column":30}},"1":{"start":{"line":3,"column":18},"end":{"line":22,"column":1}},"2":{"start":{"line":4,"column":19},"end":{"line":4,"column":41}},"3":{"start":{"line":6,"column":2},"end":{"line":8,"column":3}},"4":{"start":{"line":7,"column":4},"end":{"line":7,"column":16}},"5":{"start":{"line":10,"column":2},"end":{"line":21,"column":3}},"6":{"start":{"line":11,"column":21},"end":{"line":11,"column":82}},"7":{"start":{"line":13,"column":4},"end":{"line":15,"column":5}},"8":{"start":{"line":14,"column":6},"end":{"line":14,"column":18}},"9":{"start":{"line":17,"column":4},"end":{"line":17,"column":25}},"10":{"start":{"line":19,"column":4},"end":{"line":19,"column":58}},"11":{"start":{"line":20,"column":4},"end":{"line":20,"column":16}},"12":{"start":{"line":24,"column":0},"end":{"line":24,"column":31}}},"fnMap":{"0":{"name":"(anonymous_0)","decl":{"start":{"line":3,"column":18},"end":{"line":3,"column":19}},"loc":{"start":{"line":3,"column":33},"end":{"line":22,"column":1}},"line":3}},"branchMap":{"0":{"loc":{"start":{"line":6,"column":2},"end":{"line":8,"column":3}},"type":"if","locations":[{"start":{"line":6,"column":2},"end":{"line":8,"column":3}},{"start":{},"end":{}}],"line":6},"1":{"loc":{"start":{"line":6,"column":6},"end":{"line":6,"column":40}},"type":"binary-expr","locations":[{"start":{"line":6,"column":6},"end":{"line":6,"column":15}},{"start":{"line":6,"column":19},"end":{"line":6,"column":40}}],"line":6},"2":{"loc":{"start":{"line":13,"column":4},"end":{"line":15,"column":5}},"type":"if","locations":[{"start":{"line":13,"column":4},"end":{"line":15,"column":5}},{"start":{},"end":{}}],"line":13}},"s":{"0":2,"1":2,"2":10,"3":10,"4":0,"5":10,"6":10,"7":10,"8":2,"9":8,"10":0,"11":0,"12":2},"f":{"0":10},"b":{"0":[0,10],"1":[10,10],"2":[2,8]},"_coverageSchema":"1a1c01bbd47fc00a2c39e90264f33305004495a9","hash":"4e4e8939e0f0431d950a167b45444f728c17f1d6"}
}
