TN:
SF:src\config\app.js
FN:23,(anonymous_0)
FN:24,(anonymous_1)
FN:31,(anonymous_2)
FNF:3
FNH:2
FNDA:2,(anonymous_0)
FNDA:0,(anonymous_1)
FNDA:2,(anonymous_2)
DA:1,2
DA:2,2
DA:3,2
DA:4,2
DA:6,2
DA:7,2
DA:9,2
DA:10,2
DA:13,2
DA:19,2
DA:22,2
DA:23,2
DA:24,0
DA:27,2
DA:28,2
DA:30,2
DA:31,2
DA:32,2
DA:35,2
LF:19
LH:18
BRDA:30,0,0,2
BRDA:30,0,1,0
BRF:2
BRH:1
end_of_record
TN:
SF:src\config\controllers\empresa.controller.js
FN:8,(anonymous_0)
FN:27,(anonymous_1)
FN:37,(anonymous_2)
FN:48,(anonymous_3)
FN:59,(anonymous_4)
FN:70,(anonymous_5)
FNF:6
FNH:1
FNDA:5,(anonymous_0)
FNDA:0,(anonymous_1)
FNDA:0,(anonymous_2)
FNDA:0,(anonymous_3)
FNDA:0,(anonymous_4)
FNDA:0,(anonymous_5)
DA:1,2
DA:2,2
DA:3,2
DA:8,2
DA:9,5
DA:10,5
DA:11,5
DA:12,3
DA:15,2
DA:16,1
DA:19,1
DA:20,1
DA:22,0
DA:27,2
DA:28,0
DA:29,0
DA:30,0
DA:32,0
DA:37,2
DA:38,0
DA:39,0
DA:40,0
DA:41,0
DA:43,0
DA:48,2
DA:49,0
DA:50,0
DA:51,0
DA:52,0
DA:54,0
DA:59,2
DA:60,0
DA:61,0
DA:62,0
DA:63,0
DA:65,0
DA:70,2
DA:71,0
DA:73,0
DA:74,0
DA:75,0
DA:77,0
DA:78,0
DA:82,0
DA:83,0
DA:84,0
DA:87,0
DA:88,0
DA:89,0
DA:92,0
DA:94,0
DA:98,2
LF:52
LH:18
BRDA:11,0,0,3
BRDA:11,0,1,2
BRDA:15,1,0,1
BRDA:15,1,1,1
BRDA:40,2,0,0
BRDA:40,2,1,0
BRDA:51,3,0,0
BRDA:51,3,1,0
BRDA:62,4,0,0
BRDA:62,4,1,0
BRDA:77,5,0,0
BRDA:77,5,1,0
BRDA:77,6,0,0
BRDA:77,6,1,0
BRDA:82,7,0,0
BRDA:82,7,1,0
BRDA:87,8,0,0
BRDA:87,8,1,0
BRF:18
BRH:4
end_of_record
TN:
SF:src\config\controllers\fornecedor.controller.js
FN:5,(anonymous_0)
FN:82,(anonymous_1)
FN:92,(anonymous_2)
FN:104,(anonymous_3)
FN:120,(anonymous_4)
FNF:5
FNH:1
FNDA:6,(anonymous_0)
FNDA:0,(anonymous_1)
FNDA:0,(anonymous_2)
FNDA:0,(anonymous_3)
FNDA:0,(anonymous_4)
DA:1,2
DA:2,2
DA:5,2
DA:6,6
DA:7,6
DA:8,6
DA:9,5
DA:10,1
DA:11,1
DA:13,0
DA:18,6
DA:19,6
DA:20,1
DA:24,5
DA:25,4
DA:26,4
DA:27,4
DA:31,4
DA:36,4
DA:37,1
DA:40,1
DA:41,1
DA:42,0
DA:45,1
DA:46,1
DA:47,1
DA:48,1
DA:49,1
DA:50,1
DA:52,1
DA:53,0
DA:56,1
DA:57,1
DA:67,4
DA:68,4
DA:69,2
DA:71,2
DA:72,2
DA:77,0
DA:82,2
DA:83,0
DA:84,0
DA:85,0
DA:87,0
DA:92,2
DA:93,0
DA:94,0
DA:95,0
DA:96,0
DA:97,0
DA:99,0
DA:104,2
DA:105,0
DA:106,0
DA:111,0
DA:112,0
DA:113,0
DA:115,0
DA:120,2
DA:121,0
DA:122,0
DA:123,0
DA:124,0
DA:125,0
DA:127,0
DA:131,2
LF:66
LH:40
BRDA:8,0,0,5
BRDA:8,0,1,1
BRDA:10,1,0,1
BRDA:10,1,1,0
BRDA:19,2,0,1
BRDA:19,2,1,5
BRDA:24,3,0,4
BRDA:24,3,1,1
BRDA:31,4,0,4
BRDA:31,4,1,3
BRDA:31,4,2,0
BRDA:36,5,0,1
BRDA:36,5,1,3
BRDA:36,6,0,4
BRDA:36,6,1,1
BRDA:41,7,0,0
BRDA:41,7,1,1
BRDA:47,8,0,1
BRDA:47,8,1,0
BRDA:52,9,0,0
BRDA:52,9,1,1
BRDA:56,10,0,1
BRDA:56,10,1,0
BRDA:71,11,0,2
BRDA:71,11,1,0
BRDA:95,12,0,0
BRDA:95,12,1,0
BRDA:111,13,0,0
BRDA:111,13,1,0
BRDA:123,14,0,0
BRDA:123,14,1,0
BRF:31
BRH:18
end_of_record
TN:
SF:src\config\models\empresa.model.js
FNF:0
FNH:0
DA:1,2
DA:3,2
DA:26,2
LF:3
LH:3
BRF:0
BRH:0
end_of_record
TN:
SF:src\config\models\fornecedor.model.js
FN:29,(anonymous_0)
FN:35,(anonymous_1)
FNF:2
FNH:2
FNDA:4,(anonymous_0)
FNDA:4,(anonymous_1)
DA:1,2
DA:3,2
DA:30,4
DA:36,4
DA:47,2
LF:5
LH:5
BRF:0
BRH:0
end_of_record
TN:
SF:src\config\routes\empresa.routes.js
FNF:0
FNH:0
DA:1,2
DA:2,2
DA:3,2
DA:5,2
DA:6,2
DA:7,2
DA:8,2
DA:9,2
DA:10,2
DA:12,2
LF:10
LH:10
BRF:0
BRH:0
end_of_record
TN:
SF:src\config\routes\fornecedor.routes.js
FNF:0
FNH:0
DA:1,2
DA:2,2
DA:3,2
DA:5,2
DA:6,2
DA:7,2
DA:8,2
DA:9,2
DA:11,2
LF:9
LH:9
BRF:0
BRH:0
end_of_record
TN:
SF:src\config\services\cep.service.js
FN:3,(anonymous_0)
FNF:1
FNH:1
FNDA:9,(anonymous_0)
DA:1,2
DA:3,2
DA:4,9
DA:6,9
DA:7,0
DA:10,9
DA:11,9
DA:13,9
DA:14,2
DA:17,7
DA:19,0
DA:20,0
DA:24,2
LF:13
LH:10
BRDA:6,0,0,0
BRDA:6,0,1,9
BRDA:6,1,0,9
BRDA:6,1,1,9
BRDA:13,2,0,2
BRDA:13,2,1,7
BRF:6
BRH:5
end_of_record
