TN:
SF:src\config\app.js
FN:23,(anonymous_0)
FN:24,(anonymous_1)
FN:31,(anonymous_2)
FNF:3
FNH:2
FNDA:2,(anonymous_0)
FNDA:0,(anonymous_1)
FNDA:2,(anonymous_2)
DA:1,2
DA:2,2
DA:3,2
DA:4,2
DA:6,2
DA:7,2
DA:9,2
DA:10,2
DA:13,2
DA:19,2
DA:22,2
DA:23,2
DA:24,0
DA:27,2
DA:28,2
DA:30,2
DA:31,2
DA:32,2
DA:35,2
LF:19
LH:18
BRDA:30,0,0,2
BRDA:30,0,1,0
BRF:2
BRH:1
end_of_record
TN:
SF:src\config\controllers\empresa.controller.js
FN:7,(anonymous_0)
FN:28,(anonymous_1)
FN:39,(anonymous_2)
FN:64,(anonymous_3)
FN:78,(anonymous_4)
FN:92,(anonymous_5)
FN:106,(anonymous_6)
FNF:7
FNH:1
FNDA:5,(anonymous_0)
FNDA:0,(anonymous_1)
FNDA:0,(anonymous_2)
FNDA:0,(anonymous_3)
FNDA:0,(anonymous_4)
FNDA:0,(anonymous_5)
FNDA:0,(anonymous_6)
DA:1,2
DA:2,2
DA:3,2
DA:7,2
DA:8,5
DA:9,5
DA:10,5
DA:11,2
DA:14,3
DA:15,3
DA:16,1
DA:19,2
DA:20,2
DA:22,0
DA:28,2
DA:29,0
DA:30,0
DA:31,0
DA:33,0
DA:39,2
DA:40,0
DA:41,0
DA:43,0
DA:49,0
DA:51,0
DA:58,0
DA:64,2
DA:65,0
DA:66,0
DA:67,0
DA:68,0
DA:70,0
DA:72,0
DA:78,2
DA:79,0
DA:80,0
DA:81,0
DA:82,0
DA:84,0
DA:86,0
DA:92,2
DA:93,0
DA:94,0
DA:95,0
DA:96,0
DA:98,0
DA:100,0
DA:106,2
DA:107,0
DA:109,0
DA:110,0
DA:111,0
DA:113,0
DA:114,0
DA:117,0
DA:118,0
DA:119,0
DA:122,0
DA:123,0
DA:124,0
DA:127,0
DA:129,0
DA:135,2
LF:63
LH:20
BRDA:10,0,0,2
BRDA:10,0,1,3
BRDA:15,1,0,1
BRDA:15,1,1,2
BRDA:41,2,0,0
BRDA:41,3,0,0
BRDA:67,4,0,0
BRDA:67,4,1,0
BRDA:81,5,0,0
BRDA:81,5,1,0
BRDA:95,6,0,0
BRDA:95,6,1,0
BRDA:113,7,0,0
BRDA:113,7,1,0
BRDA:113,8,0,0
BRDA:113,8,1,0
BRDA:117,9,0,0
BRDA:117,9,1,0
BRDA:122,10,0,0
BRDA:122,10,1,0
BRF:20
BRH:4
end_of_record
TN:
SF:src\config\controllers\fornecedor.controller.js
FN:5,(anonymous_0)
FN:82,(anonymous_1)
FN:92,(anonymous_2)
FN:104,(anonymous_3)
FN:120,(anonymous_4)
FNF:5
FNH:1
FNDA:6,(anonymous_0)
FNDA:0,(anonymous_1)
FNDA:0,(anonymous_2)
FNDA:0,(anonymous_3)
FNDA:0,(anonymous_4)
DA:1,2
DA:2,2
DA:5,2
DA:6,6
DA:7,6
DA:8,6
DA:9,5
DA:10,1
DA:11,1
DA:13,0
DA:18,6
DA:19,6
DA:20,1
DA:24,5
DA:25,4
DA:26,4
DA:27,4
DA:31,4
DA:36,4
DA:37,1
DA:40,1
DA:41,1
DA:42,0
DA:45,1
DA:46,1
DA:47,1
DA:48,1
DA:49,1
DA:50,1
DA:52,1
DA:53,0
DA:56,1
DA:57,1
DA:67,4
DA:68,4
DA:69,1
DA:71,3
DA:72,3
DA:77,0
DA:82,2
DA:83,0
DA:84,0
DA:85,0
DA:87,0
DA:92,2
DA:93,0
DA:94,0
DA:95,0
DA:96,0
DA:97,0
DA:99,0
DA:104,2
DA:105,0
DA:106,0
DA:111,0
DA:112,0
DA:113,0
DA:115,0
DA:120,2
DA:121,0
DA:122,0
DA:123,0
DA:124,0
DA:125,0
DA:127,0
DA:131,2
LF:66
LH:40
BRDA:8,0,0,5
BRDA:8,0,1,1
BRDA:10,1,0,1
BRDA:10,1,1,0
BRDA:19,2,0,1
BRDA:19,2,1,5
BRDA:24,3,0,4
BRDA:24,3,1,1
BRDA:31,4,0,4
BRDA:31,4,1,3
BRDA:31,4,2,0
BRDA:36,5,0,1
BRDA:36,5,1,3
BRDA:36,6,0,4
BRDA:36,6,1,1
BRDA:41,7,0,0
BRDA:41,7,1,1
BRDA:47,8,0,1
BRDA:47,8,1,0
BRDA:52,9,0,0
BRDA:52,9,1,1
BRDA:56,10,0,1
BRDA:56,10,1,0
BRDA:71,11,0,3
BRDA:71,11,1,0
BRDA:95,12,0,0
BRDA:95,12,1,0
BRDA:111,13,0,0
BRDA:111,13,1,0
BRDA:123,14,0,0
BRDA:123,14,1,0
BRF:31
BRH:18
end_of_record
TN:
SF:src\config\models\empresa.model.js
FNF:0
FNH:0
DA:1,2
DA:3,2
DA:26,2
LF:3
LH:3
BRF:0
BRH:0
end_of_record
TN:
SF:src\config\models\fornecedor.model.js
FN:29,(anonymous_0)
FN:35,(anonymous_1)
FNF:2
FNH:2
FNDA:4,(anonymous_0)
FNDA:4,(anonymous_1)
DA:1,2
DA:3,2
DA:30,4
DA:36,4
DA:47,2
LF:5
LH:5
BRF:0
BRH:0
end_of_record
TN:
SF:src\config\routes\empresa.routes.js
FNF:0
FNH:0
DA:1,2
DA:2,2
DA:3,2
DA:6,2
DA:9,2
DA:10,2
DA:11,2
DA:12,2
DA:13,2
DA:14,2
DA:16,2
LF:11
LH:11
BRF:0
BRH:0
end_of_record
TN:
SF:src\config\routes\fornecedor.routes.js
FNF:0
FNH:0
DA:1,2
DA:2,2
DA:3,2
DA:5,2
DA:6,2
DA:7,2
DA:8,2
DA:9,2
DA:11,2
LF:9
LH:9
BRF:0
BRH:0
end_of_record
TN:
SF:src\config\services\cep.service.js
FN:3,(anonymous_0)
FNF:1
FNH:1
FNDA:10,(anonymous_0)
DA:1,2
DA:3,2
DA:4,10
DA:6,10
DA:7,0
DA:10,10
DA:11,10
DA:13,10
DA:14,2
DA:17,8
DA:19,0
DA:20,0
DA:24,2
LF:13
LH:10
BRDA:6,0,0,0
BRDA:6,0,1,10
BRDA:6,1,0,10
BRDA:6,1,1,10
BRDA:13,2,0,2
BRDA:13,2,1,8
BRF:6
BRH:5
end_of_record
